<?xml version="1.0" encoding="UTF-8"?>
<!-- Generated by org.testng.reporters.JUnitXMLReporter -->
<testsuite ignored="0" hostname="LAPTOP-HK4BPRAS" failures="0" tests="4" name="Test" time="0.038" errors="0" timestamp="23 May 2021 04:44:42 GMT">
  <testcase classname="API_Automation.App1Test" name="AppLogin" time="0.008"/>
  <testcase classname="API_Automation.App1Test" name="AppLoginFailure" time="0.001"/>
  <testcase classname="API_Automation.BookMyFlightTest" name="BookMyFlight" time="0.001"/>
  <testcase classname="API_Automation.BookMyFlightTest" name="makePayment" time="0.001"/>
</testsuite> <!-- Test -->
