<?xml version="1.0" encoding="UTF-8"?>
<testng-results ignored="0" total="1" passed="1" failed="0" skipped="0">
  <reporter-output>
  </reporter-output>
  <suite started-at="2021-05-23T05:13:13Z" name="Default suite" finished-at="2021-05-23T05:13:14Z" duration-ms="338">
    <groups>
    </groups>
    <test started-at="2021-05-23T05:13:13Z" name="Default test" finished-at="2021-05-23T05:13:14Z" duration-ms="338">
      <class name="extentReportSession.TestingExtentReport">
        <test-method signature="test()[pri:0, instance:extentReportSession.TestingExtentReport@6c1a5b54]" started-at="2021-05-23T05:13:13Z" name="test" finished-at="2021-05-23T05:13:14Z" duration-ms="319" status="PASS">
          <reporter-output>
          </reporter-output>
        </test-method> <!-- test -->
      </class> <!-- extentReportSession.TestingExtentReport -->
    </test> <!-- Default test -->
  </suite> <!-- Default suite -->
</testng-results>
